<?xml version="1.0" encoding="UTF-8"?>
<!-- Generated by org.testng.reporters.JUnitReportReporter -->
<testsuite hostname="WIN-AUS1A9239T5" failures="0" tests="2" name="Test01_GET" time="2.921" errors="0" timestamp="2022-01-09T15:14:33 AMT" skipped="0">
  <testcase classname="Test01_GET" name="test_01" time="2.030"/>
  <system-out/>
  <testcase classname="Test01_GET" name="test_02" time="0.891"/>
  <system-out/>
</testsuite> <!-- Test01_GET -->
