<?xml version="1.0" encoding="UTF-8"?>
<!-- Generated by org.testng.reporters.JUnitReportReporter -->
<testsuite hostname="WIN-AUS1A9239T5" failures="0" tests="2" name="Tests_POST" time="3.967" errors="0" timestamp="2022-01-10T13:44:38 AMT" skipped="0">
  <testcase classname="Tests_POST" name="test_4_delet" time="0.246"/>
  <system-out/>
  <testcase classname="Tests_POST" name="test_3_patch" time="3.721"/>
  <system-out/>
</testsuite> <!-- Tests_POST -->
