<?xml version="1.0" encoding="UTF-8"?>
<!-- Generated by org.testng.reporters.JUnitReportReporter -->
<testsuite hostname="WIN-AUS1A9239T5" failures="0" tests="1" name="TESTS_GET" time="2.376" errors="0" timestamp="2022-01-15T18:17:11 AMT" skipped="0">
  <testcase classname="TESTS_GET" name="test_1" time="2.376"/>
  <system-out/>
</testsuite> <!-- TESTS_GET -->
